2023-12-19 23:12:785 INFO  HomePage :74 - Mouse hover on “Desktops” Tab and click [[ChromeDriver: chrome on windows (28f5df4ea1124c44ffa462fb5032200d)] -> link text: Desktops]
2023-12-19 23:12:463 INFO  HomePage :93 - Click on Show All Desktop tab [[ChromeDriver: chrome on windows (28f5df4ea1124c44ffa462fb5032200d)] -> xpath: //a[normalize-space()='Show AllDesktops']]
2023-12-19 23:12:705 INFO  DesktopPage :44 - Click on sort by position [[ChromeDriver: chrome on windows (28f5df4ea1124c44ffa462fb5032200d)] -> id: input-sort]
2023-12-19 23:12:599 INFO  DesktopPage :73 - Select option product sorted by Name (Z - A)from sort by options [[ChromeDriver: chrome on windows (28f5df4ea1124c44ffa462fb5032200d)] -> id: input-sort]
2023-12-19 23:12:703 INFO  HomePage :74 - Mouse hover on “Desktops” Tab and click [[ChromeDriver: chrome on windows (802cde87b04ff8c7185da7c2c2b11f9a)] -> link text: Desktops]
2023-12-19 23:12:652 INFO  HomePage :93 - Click on Show All Desktop tab [[ChromeDriver: chrome on windows (802cde87b04ff8c7185da7c2c2b11f9a)] -> xpath: //a[normalize-space()='Show AllDesktops']]
2023-12-19 23:12:811 INFO  HomePage :105 - Clicking on Currency on top of page [[ChromeDriver: chrome on windows (802cde87b04ff8c7185da7c2c2b11f9a)] -> xpath: //span[normalize-space()='Currency']]
2023-12-19 23:12:651 INFO  HomePage :113 - Select £Pound Sterling from currency drop down list [[[ChromeDriver: chrome on windows (802cde87b04ff8c7185da7c2c2b11f9a)] -> xpath: //ul[@class = 'dropdown-menu']/li], [[ChromeDriver: chrome on windows (802cde87b04ff8c7185da7c2c2b11f9a)] -> xpath: //ul[@class = 'dropdown-menu']/li], [[ChromeDriver: chrome on windows (802cde87b04ff8c7185da7c2c2b11f9a)] -> xpath: //ul[@class = 'dropdown-menu']/li]]
2023-12-19 23:12:443 INFO  DesktopPage :73 - Select option product sorted by Name (A - Z)from sort by options [[ChromeDriver: chrome on windows (802cde87b04ff8c7185da7c2c2b11f9a)] -> id: input-sort]
2023-12-19 23:12:761 INFO  DesktopPage :78 - Clicking on HP LP3065 [[ChromeDriver: chrome on windows (802cde87b04ff8c7185da7c2c2b11f9a)] -> xpath: //a[contains(text(),'HP LP3065')]]
2023-12-19 23:12:815 INFO  ProductPage :52 - Verify the Text "HP LP3065" [[ChromeDriver: chrome on windows (802cde87b04ff8c7185da7c2c2b11f9a)] -> xpath: //a[contains(text(),'HP LP3065')]]
2023-12-19 23:12:86 INFO  ProductPage :58 - Select 2022November30 to date field [[ChromeDriver: chrome on windows (802cde87b04ff8c7185da7c2c2b11f9a)] -> xpath: //div[@class = 'input-group date']//button]
2023-12-19 23:12:687 INFO  ProductPage :82 - Enter Qty 1 to quantity field [[ChromeDriver: chrome on windows (802cde87b04ff8c7185da7c2c2b11f9a)] -> xpath: //input[@id='input-quantity']]
2023-12-19 23:12:437 INFO  ProductPage :87 - Clicking on Login Button [[ChromeDriver: chrome on windows (802cde87b04ff8c7185da7c2c2b11f9a)] -> xpath: //button[@id='button-cart']]
2023-12-19 23:12:07 INFO  ProductPage :91 - Verify the Message “Success: You have added HP LP3065 to your shopping cart!” [[ChromeDriver: chrome on windows (802cde87b04ff8c7185da7c2c2b11f9a)] -> xpath: //div[@class='alert alert-success alert-dismissible']]
2023-12-19 23:12:148 INFO  ProductPage :97 - Click on link “shopping cart” display into success message [[ChromeDriver: chrome on windows (802cde87b04ff8c7185da7c2c2b11f9a)] -> xpath: //a[contains(text(),'shopping cart')]]
2023-12-19 23:12:217 INFO  ShoppingCartPage :47 -  Verify the text Shopping Cart [[ChromeDriver: chrome on windows (802cde87b04ff8c7185da7c2c2b11f9a)] -> xpath: //div[@id='content']//h1]
2023-12-19 23:12:296 INFO  ShoppingCartPage :52 - Verify the Product name HP LP3065 [[ChromeDriver: chrome on windows (802cde87b04ff8c7185da7c2c2b11f9a)] -> xpath: //div[@class = 'table-responsive']/table/tbody/tr/td[2]/a]
2023-12-19 23:12:390 INFO  ShoppingCartPage :57 - Verify the Delivery Date 2022-11-30 [[ChromeDriver: chrome on windows (802cde87b04ff8c7185da7c2c2b11f9a)] -> xpath: //div[@class = 'table-responsive']/table/tbody/tr/td[2]/small[1]]
2023-12-19 23:12:490 INFO  ShoppingCartPage :62 - Verify the Model Product21 [[ChromeDriver: chrome on windows (802cde87b04ff8c7185da7c2c2b11f9a)] -> xpath: //div[@class = 'table-responsive']/table/tbody/tr/td[3]]
2023-12-19 23:12:531 INFO  ShoppingCartPage :67 - Verify the Total £74.73 [[ChromeDriver: chrome on windows (802cde87b04ff8c7185da7c2c2b11f9a)] -> xpath: //div[@class = 'table-responsive']/table/tbody/tr/td[6]]
2023-12-19 23:12:172 INFO  HomePage :80 - Mouse hover on “Laptops & Notebooks” Tab and click [[ChromeDriver: chrome on windows (c9ff2a4424c76e3c87ff2ec90c7a456e)] -> link text: Laptops & Notebooks]
2023-12-19 23:12:977 INFO  HomePage :99 - Click on Show All LaptopAndNotebook Tab [[ChromeDriver: chrome on windows (c9ff2a4424c76e3c87ff2ec90c7a456e)] -> xpath: //a[normalize-space()='Show AllLaptops & Notebooks']]
2023-12-19 23:12:164 INFO  DesktopPage :44 - Click on sort by position [[ChromeDriver: chrome on windows (c9ff2a4424c76e3c87ff2ec90c7a456e)] -> id: input-sort]
2023-12-19 23:12:968 INFO  DesktopPage :73 - Select option product sorted by Price (High > Low)from sort by options [[ChromeDriver: chrome on windows (c9ff2a4424c76e3c87ff2ec90c7a456e)] -> id: input-sort]
2023-12-19 23:12:261 INFO  LaptopAndNotebookPage :63 - Verify Product sorted  price High to low [[[ChromeDriver: chrome on windows (c9ff2a4424c76e3c87ff2ec90c7a456e)] -> xpath: //p[@class ='price']], [[ChromeDriver: chrome on windows (c9ff2a4424c76e3c87ff2ec90c7a456e)] -> xpath: //p[@class ='price']], [[ChromeDriver: chrome on windows (c9ff2a4424c76e3c87ff2ec90c7a456e)] -> xpath: //p[@class ='price']], [[ChromeDriver: chrome on windows (c9ff2a4424c76e3c87ff2ec90c7a456e)] -> xpath: //p[@class ='price']], [[ChromeDriver: chrome on windows (c9ff2a4424c76e3c87ff2ec90c7a456e)] -> xpath: //p[@class ='price']]]
2023-12-19 23:12:460 INFO  LaptopAndNotebookPage :63 - Verify Product sorted  price High to low [[[ChromeDriver: chrome on windows (c9ff2a4424c76e3c87ff2ec90c7a456e)] -> xpath: //p[@class ='price']], [[ChromeDriver: chrome on windows (c9ff2a4424c76e3c87ff2ec90c7a456e)] -> xpath: //p[@class ='price']], [[ChromeDriver: chrome on windows (c9ff2a4424c76e3c87ff2ec90c7a456e)] -> xpath: //p[@class ='price']], [[ChromeDriver: chrome on windows (c9ff2a4424c76e3c87ff2ec90c7a456e)] -> xpath: //p[@class ='price']], [[ChromeDriver: chrome on windows (c9ff2a4424c76e3c87ff2ec90c7a456e)] -> xpath: //p[@class ='price']]]
2023-12-19 23:12:439 INFO  HomePage :80 - Mouse hover on “Laptops & Notebooks” Tab and click [[ChromeDriver: chrome on windows (82b0cd74f5ad6877683c5eacc39febfd)] -> link text: Laptops & Notebooks]
2023-12-19 23:12:67 INFO  HomePage :99 - Click on Show All LaptopAndNotebook Tab [[ChromeDriver: chrome on windows (82b0cd74f5ad6877683c5eacc39febfd)] -> xpath: //a[normalize-space()='Show AllLaptops & Notebooks']]
2023-12-19 23:12:186 INFO  HomePage :105 - Clicking on Currency on top of page [[ChromeDriver: chrome on windows (82b0cd74f5ad6877683c5eacc39febfd)] -> xpath: //span[normalize-space()='Currency']]
2023-12-19 23:12:990 INFO  HomePage :113 - Select £Pound Sterling from currency drop down list [[[ChromeDriver: chrome on windows (82b0cd74f5ad6877683c5eacc39febfd)] -> xpath: //ul[@class = 'dropdown-menu']/li], [[ChromeDriver: chrome on windows (82b0cd74f5ad6877683c5eacc39febfd)] -> xpath: //ul[@class = 'dropdown-menu']/li], [[ChromeDriver: chrome on windows (82b0cd74f5ad6877683c5eacc39febfd)] -> xpath: //ul[@class = 'dropdown-menu']/li]]
2023-12-19 23:12:636 INFO  DesktopPage :73 - Select option product sorted by Price (High > Low)from sort by options [[ChromeDriver: chrome on windows (82b0cd74f5ad6877683c5eacc39febfd)] -> id: input-sort]
2023-12-19 23:12:57 INFO  LaptopAndNotebookPage :80 - Select Macbook[[ChromeDriver: chrome on windows (82b0cd74f5ad6877683c5eacc39febfd)] -> link text: MacBook]
2023-12-19 23:12:76 INFO  ProductPage :101 - Verify text MacBook [[ChromeDriver: chrome on windows (82b0cd74f5ad6877683c5eacc39febfd)] -> xpath: //h1[contains(text(),'MacBook')]]
2023-12-19 23:12:776 INFO  ProductPage :87 - Clicking on Login Button [[ChromeDriver: chrome on windows (82b0cd74f5ad6877683c5eacc39febfd)] -> xpath: //button[@id='button-cart']]
2023-12-19 23:12:309 INFO  ProductPage :91 - Verify the Message “Success: You have added HP LP3065 to your shopping cart!” [[ChromeDriver: chrome on windows (82b0cd74f5ad6877683c5eacc39febfd)] -> xpath: //div[@class='alert alert-success alert-dismissible']]
2023-12-19 23:12:301 INFO  ProductPage :97 - Click on link “shopping cart” display into success message [[ChromeDriver: chrome on windows (82b0cd74f5ad6877683c5eacc39febfd)] -> xpath: //a[contains(text(),'shopping cart')]]
2023-12-19 23:12:330 INFO  ShoppingCartPage :47 -  Verify the text Shopping Cart [[ChromeDriver: chrome on windows (82b0cd74f5ad6877683c5eacc39febfd)] -> xpath: //div[@id='content']//h1]
2023-12-19 23:12:366 INFO  ShoppingCartPage :52 - Verify the Product name HP LP3065 [[ChromeDriver: chrome on windows (82b0cd74f5ad6877683c5eacc39febfd)] -> xpath: //div[@class = 'table-responsive']/table/tbody/tr/td[2]/a]
2023-12-19 23:12:544 INFO  ShoppingCartPage :74 - Change Quantity 2 to quantity field [[ChromeDriver: chrome on windows (82b0cd74f5ad6877683c5eacc39febfd)] -> xpath: //div[@class='input-group btn-block']/input[@type='text']]
2023-12-19 23:12:184 INFO  ShoppingCartPage :79 -  Click on “Update” Tab [[ChromeDriver: chrome on windows (82b0cd74f5ad6877683c5eacc39febfd)] -> xpath: //i[@class = 'fa fa-refresh']]
2023-12-19 23:12:220 INFO  ShoppingCartPage :83 - Getting welcome back text [[ChromeDriver: chrome on windows (82b0cd74f5ad6877683c5eacc39febfd)] -> xpath: //div[@id='checkout-cart']/div[1]]
2023-12-19 23:12:264 INFO  ShoppingCartPage :67 - Verify the Total £74.73 [[ChromeDriver: chrome on windows (82b0cd74f5ad6877683c5eacc39febfd)] -> xpath: //div[@class = 'table-responsive']/table/tbody/tr/td[6]]
2023-12-19 23:12:728 INFO  ShoppingCartPage :89 - Click on “Checkout” button [[ChromeDriver: chrome on windows (82b0cd74f5ad6877683c5eacc39febfd)] -> css selector: a.btn.btn-primary]
2023-12-19 23:12:770 INFO  CheckoutPage :76 - Verify the text “Checkout” [[ChromeDriver: chrome on windows (82b0cd74f5ad6877683c5eacc39febfd)] -> xpath: //div[@id='content']/h1]
2023-12-19 23:12:318 INFO  CheckoutPage :82 - Verify the Text “New Customer” [[ChromeDriver: chrome on windows (82b0cd74f5ad6877683c5eacc39febfd)] -> xpath: //h2[contains(text(),'New Customer')]]
2023-12-19 23:12:903 INFO  CheckoutPage :89 - Click on “Guest Checkout” radio button [[ChromeDriver: chrome on windows (82b0cd74f5ad6877683c5eacc39febfd)] -> xpath: //input[@value='guest']]
2023-12-19 23:12:01 INFO  CheckoutPage :95 - Click on “Continue” tab [[ChromeDriver: chrome on windows (82b0cd74f5ad6877683c5eacc39febfd)] -> xpath: //input[@id='button-account']]
2023-12-19 23:12:381 INFO  CheckoutPage :101 - Enter firstname Jaynika to firstname field [[ChromeDriver: chrome on windows (82b0cd74f5ad6877683c5eacc39febfd)] -> id: input-payment-firstname]
2023-12-19 23:12:517 INFO  CheckoutPage :107 - Enter lastname Patel to lastname field [[ChromeDriver: chrome on windows (82b0cd74f5ad6877683c5eacc39febfd)] -> id: input-payment-lastname]
2023-12-19 23:12:625 INFO  CheckoutPage :113 - Enter email kaku to email field [[ChromeDriver: chrome on windows (82b0cd74f5ad6877683c5eacc39febfd)] -> id: input-payment-email]
2023-12-19 23:12:714 INFO  CheckoutPage :119 - Enter phoneNumber 01234567890 to phoneNumber field [[ChromeDriver: chrome on windows (82b0cd74f5ad6877683c5eacc39febfd)] -> id: input-payment-telephone]
2023-12-19 23:12:791 INFO  CheckoutPage :125 - Enter address Line 1 129 Pinner Road to address field [[ChromeDriver: chrome on windows (82b0cd74f5ad6877683c5eacc39febfd)] -> id: input-payment-address-1]
2023-12-19 23:12:877 INFO  CheckoutPage :131 - Enter city London to city field [[ChromeDriver: chrome on windows (82b0cd74f5ad6877683c5eacc39febfd)] -> id: input-payment-city]
2023-12-19 23:12:948 INFO  CheckoutPage :137 - Enter postcode N1 1AD to postcode field [[ChromeDriver: chrome on windows (82b0cd74f5ad6877683c5eacc39febfd)] -> id: input-payment-postcode]
2023-12-19 23:12:35 INFO  CheckoutPage :143 - Select country United Kingdom to country field [[ChromeDriver: chrome on windows (82b0cd74f5ad6877683c5eacc39febfd)] -> id: input-payment-country]
2023-12-19 23:12:165 INFO  CheckoutPage :150 - Select state Kent to state field [[ChromeDriver: chrome on windows (82b0cd74f5ad6877683c5eacc39febfd)] -> id: input-payment-zone]
2023-12-19 23:12:228 INFO  CheckoutPage :156 -  Click on continue button [[ChromeDriver: chrome on windows (82b0cd74f5ad6877683c5eacc39febfd)] -> id: button-guest]
2023-12-19 23:12:217 INFO  CheckoutPage :162 - Enter comments Nothing to Say! in to text area [[ChromeDriver: chrome on windows (82b0cd74f5ad6877683c5eacc39febfd)] -> xpath: //textarea[@name='comment']]
2023-12-19 23:12:300 INFO  CheckoutPage :168 -  Check the Terms & Conditions check box [[ChromeDriver: chrome on windows (82b0cd74f5ad6877683c5eacc39febfd)] -> xpath: //body/div[@id='checkout-checkout']/div[1]/div[1]/div[1]/div[3]/div[2]/div[1]/div[2]/div[1]/input[1]]
2023-12-19 23:12:372 INFO  CheckoutPage :174 - Click on “Continue” button [[ChromeDriver: chrome on windows (82b0cd74f5ad6877683c5eacc39febfd)] -> id: button-payment-method]
2023-12-19 23:12:406 INFO  CheckoutPage :179 - Verify the message “Warning: Payment method required!” [[ChromeDriver: chrome on windows (82b0cd74f5ad6877683c5eacc39febfd)] -> xpath: //div[@class='alert alert-danger alert-dismissible']]
2023-12-19 23:12:286 INFO  HomePage :128 - Select Login from myAccount drop down list [[[ChromeDriver: chrome on windows (34eb4747d9bc06fc0284cc8b85db98b3)] -> xpath: //ul[@class='dropdown-menu dropdown-menu-right']/li], [[ChromeDriver: chrome on windows (34eb4747d9bc06fc0284cc8b85db98b3)] -> xpath: //ul[@class='dropdown-menu dropdown-menu-right']/li]]
2023-12-19 23:12:315 INFO  LoginPage :36 - Verify the text “Returning Customer” [[ChromeDriver: chrome on windows (34eb4747d9bc06fc0284cc8b85db98b3)] -> xpath: //h2[contains(text(),'Returning Customer')]]
2023-12-19 23:12:905 INFO  HomePage :128 - Select Login from myAccount drop down list [[[ChromeDriver: chrome on windows (c7146468ed55d9bc3090614cc768e3ec)] -> xpath: //ul[@class='dropdown-menu dropdown-menu-right']/li], [[ChromeDriver: chrome on windows (c7146468ed55d9bc3090614cc768e3ec)] -> xpath: //ul[@class='dropdown-menu dropdown-menu-right']/li]]
2023-12-19 23:12:44 INFO  LoginPage :43 - Enter email iampatel@gmail.comto email field [[ChromeDriver: chrome on windows (c7146468ed55d9bc3090614cc768e3ec)] -> id: input-email]
2023-12-19 23:12:140 INFO  LoginPage :49 - Enter password HelloNum1to password field [[ChromeDriver: chrome on windows (c7146468ed55d9bc3090614cc768e3ec)] -> id: input-password]
2023-12-19 23:12:813 INFO  LoginPage :55 - Clicking on Login Button [[ChromeDriver: chrome on windows (c7146468ed55d9bc3090614cc768e3ec)] -> xpath: //input[@value='Login']]
2023-12-19 23:12:858 INFO  LoginPage :60 - Verify text “My Account” [[ChromeDriver: chrome on windows (c7146468ed55d9bc3090614cc768e3ec)] -> xpath: //h2[text()='My Account']]
2023-12-19 23:12:532 INFO  HomePage :128 - Select Logout from myAccount drop down list [[[ChromeDriver: chrome on windows (c7146468ed55d9bc3090614cc768e3ec)] -> xpath: //ul[@class='dropdown-menu dropdown-menu-right']/li], [[ChromeDriver: chrome on windows (c7146468ed55d9bc3090614cc768e3ec)] -> xpath: //ul[@class='dropdown-menu dropdown-menu-right']/li], [[ChromeDriver: chrome on windows (c7146468ed55d9bc3090614cc768e3ec)] -> xpath: //ul[@class='dropdown-menu dropdown-menu-right']/li], [[ChromeDriver: chrome on windows (c7146468ed55d9bc3090614cc768e3ec)] -> xpath: //ul[@class='dropdown-menu dropdown-menu-right']/li], [[ChromeDriver: chrome on windows (c7146468ed55d9bc3090614cc768e3ec)] -> xpath: //ul[@class='dropdown-menu dropdown-menu-right']/li]]
2023-12-19 23:12:577 INFO  LogoutPage :27 - Verify text "Account Logout" [[ChromeDriver: chrome on windows (c7146468ed55d9bc3090614cc768e3ec)] -> xpath: //h1[text()='Account Logout']]
2023-12-19 23:12:999 INFO  LogoutPage :33 - Clicking on Continue Button [[ChromeDriver: chrome on windows (c7146468ed55d9bc3090614cc768e3ec)] -> xpath: //a[contains(text(),'Continue')]]
2023-12-19 23:12:23 INFO  HomePage :128 - Select Register from myAccount drop down list [[[ChromeDriver: chrome on windows (f735aeb2f5435fc20f27f66fb017b4a1)] -> xpath: //ul[@class='dropdown-menu dropdown-menu-right']/li], [[ChromeDriver: chrome on windows (f735aeb2f5435fc20f27f66fb017b4a1)] -> xpath: //ul[@class='dropdown-menu dropdown-menu-right']/li]]
2023-12-19 23:12:57 INFO  RegisterPage :58 - Verify the text “Register Account”. [[ChromeDriver: chrome on windows (f735aeb2f5435fc20f27f66fb017b4a1)] -> xpath: //h1[contains(text(),'Register Account')]]
2023-12-19 23:12:208 INFO  HomePage :128 - Select Register from myAccount drop down list [[[ChromeDriver: chrome on windows (7b2d96ffd2a5ed084d095482b876ee3d)] -> xpath: //ul[@class='dropdown-menu dropdown-menu-right']/li], [[ChromeDriver: chrome on windows (7b2d96ffd2a5ed084d095482b876ee3d)] -> xpath: //ul[@class='dropdown-menu dropdown-menu-right']/li]]
2023-12-19 23:12:315 INFO  RegisterPage :64 - Enter Firstname Iama to Firstname field [[ChromeDriver: chrome on windows (7b2d96ffd2a5ed084d095482b876ee3d)] -> id: input-firstname]
2023-12-19 23:12:397 INFO  RegisterPage :69 - Enter Lastname Patel to Lastname field [[ChromeDriver: chrome on windows (7b2d96ffd2a5ed084d095482b876ee3d)] -> id: input-lastname]
2023-12-19 23:12:504 INFO  RegisterPage :74 - Enter email patelxDgh@gmail.com to email field [[ChromeDriver: chrome on windows (7b2d96ffd2a5ed084d095482b876ee3d)] -> id: input-email]
2023-12-19 23:12:577 INFO  RegisterPage :79 - Enter Telephone 01234567890 to Telephone field [[ChromeDriver: chrome on windows (7b2d96ffd2a5ed084d095482b876ee3d)] -> id: input-telephone]
2023-12-19 23:12:669 INFO  RegisterPage :84 - Enter Password Hellonum1 to Password field [[ChromeDriver: chrome on windows (7b2d96ffd2a5ed084d095482b876ee3d)] -> id: input-password]
2023-12-19 23:12:758 INFO  RegisterPage :89 - Enter ConfirmPassword Hellonum1 to ConfirmPassword field [[ChromeDriver: chrome on windows (7b2d96ffd2a5ed084d095482b876ee3d)] -> id: input-confirm]
2023-12-19 23:12:798 INFO  RegisterPage :101 - Select Subscribe Yes radio button [[[ChromeDriver: chrome on windows (7b2d96ffd2a5ed084d095482b876ee3d)] -> xpath: //fieldset[3]//input], [[ChromeDriver: chrome on windows (7b2d96ffd2a5ed084d095482b876ee3d)] -> xpath: //fieldset[3]//input]]
2023-12-19 23:12:871 INFO  RegisterPage :106 - Click on Privacy Policy check box [[ChromeDriver: chrome on windows (7b2d96ffd2a5ed084d095482b876ee3d)] -> xpath: //input[@name='agree']]
2023-12-19 23:12:443 INFO  RegisterPage :111 - Clicking on Continue Button [[ChromeDriver: chrome on windows (7b2d96ffd2a5ed084d095482b876ee3d)] -> xpath: //input[@type='submit']]
2023-12-19 23:12:488 INFO  RegisterPage :115 - Verify the message “Your Account Has Been Created!” [[ChromeDriver: chrome on windows (7b2d96ffd2a5ed084d095482b876ee3d)] -> xpath: //h1[text()='Your Account Has Been Created!']]
2023-12-19 23:12:888 INFO  RegisterPage :121 - Clicking on Continue Button [[ChromeDriver: chrome on windows (7b2d96ffd2a5ed084d095482b876ee3d)] -> xpath: //a[text()='Continue']]
2023-12-19 23:12:598 INFO  HomePage :128 - Select Logout from myAccount drop down list [[[ChromeDriver: chrome on windows (7b2d96ffd2a5ed084d095482b876ee3d)] -> xpath: //ul[@class='dropdown-menu dropdown-menu-right']/li], [[ChromeDriver: chrome on windows (7b2d96ffd2a5ed084d095482b876ee3d)] -> xpath: //ul[@class='dropdown-menu dropdown-menu-right']/li], [[ChromeDriver: chrome on windows (7b2d96ffd2a5ed084d095482b876ee3d)] -> xpath: //ul[@class='dropdown-menu dropdown-menu-right']/li], [[ChromeDriver: chrome on windows (7b2d96ffd2a5ed084d095482b876ee3d)] -> xpath: //ul[@class='dropdown-menu dropdown-menu-right']/li], [[ChromeDriver: chrome on windows (7b2d96ffd2a5ed084d095482b876ee3d)] -> xpath: //ul[@class='dropdown-menu dropdown-menu-right']/li]]
2023-12-19 23:12:629 INFO  LogoutPage :27 - Verify text "Account Logout" [[ChromeDriver: chrome on windows (7b2d96ffd2a5ed084d095482b876ee3d)] -> xpath: //h1[text()='Account Logout']]
2023-12-19 23:12:58 INFO  LogoutPage :33 - Clicking on Continue Button [[ChromeDriver: chrome on windows (7b2d96ffd2a5ed084d095482b876ee3d)] -> xpath: //a[contains(text(),'Continue')]]
2023-12-19 23:12:176 INFO  HomePage :74 - Mouse hover on “Desktops” Tab and click [[ChromeDriver: chrome on windows (8f62722aa876b5aee74c231230bc3304)] -> link text: Desktops]
2023-12-19 23:12:223 INFO  HomePage :68 - Click Show All Desktops from homepage Top menu  []
2023-12-19 23:12:245 INFO  DesktopPage :38 - Verify the text ‘Desktops’[[ChromeDriver: chrome on windows (8f62722aa876b5aee74c231230bc3304)] -> xpath: //h2[contains(text(),'Desktops')]]
2023-12-19 23:12:980 INFO  HomePage :80 - Mouse hover on “Laptops & Notebooks” Tab and click [[ChromeDriver: chrome on windows (c7f5699314357c618fee61c377aa8492)] -> link text: Laptops & Notebooks]
2023-12-19 23:12:05 INFO  HomePage :68 - Click Show All Laptops & Notebooks from homepage Top menu  []
2023-12-19 23:12:21 INFO  LaptopAndNotebookPage :39 - Verify the text ‘Laptops & Notebooks’ [[ChromeDriver: chrome on windows (c7f5699314357c618fee61c377aa8492)] -> xpath: //h2[contains(text(),'Laptops & Notebooks')]]
2023-12-19 23:12:664 INFO  HomePage :86 -  Mouse hover on “Components” Tab and click [[ChromeDriver: chrome on windows (61a1d891e5ab4e75421a9ed5aa34b30f)] -> link text: Components]
2023-12-19 23:12:695 INFO  HomePage :68 - Click Show All Components from homepage Top menu  []
2023-12-19 23:12:715 INFO  ComponentsPage :23 - Verify the text ‘Components’ [[ChromeDriver: chrome on windows (61a1d891e5ab4e75421a9ed5aa34b30f)] -> xpath: //h2[contains(text(),'Components')]]
